<?xml version="1.0" encoding="UTF-8"?>
<!-- Generated by org.testng.reporters.JUnitReportReporter -->
<testsuite skipped="0" hostname="DESKTOP-JCJ8HOK" name="testcases.CustomerCommunication" tests="4" failures="0" timestamp="06 Dec 2022 14:27:42 GMT" time="0.025" errors="0">
  <testcase name="checkEmailVerification" time="0.002" classname="testcases.CustomerCommunication"/>
  <testcase name="checkMobileVerification" time="0.005" classname="testcases.CustomerCommunication"/>
  <testcase name="checkMobileVerification" time="0.011" classname="testcases.CustomerCommunication"/>
  <testcase name="checkEmailVerification" time="0.007" classname="testcases.CustomerCommunication"/>
</testsuite> <!-- testcases.CustomerCommunication -->
