<?xml version="1.0" encoding="UTF-8"?>
<!-- Generated by org.testng.reporters.JUnitReportReporter -->
<testsuite skipped="0" hostname="DESKTOP-JCJ8HOK" name="testcases.PaymentManager" tests="4" failures="0" timestamp="06 Dec 2022 14:27:42 GMT" time="0.015" errors="0">
  <testcase name="makePayment" time="0.006" classname="testcases.PaymentManager"/>
  <testcase name="makePayment" time="0.003" classname="testcases.PaymentManager"/>
  <testcase name="applyDiscount" time="0.002" classname="testcases.PaymentManager"/>
  <testcase name="applyDiscount" time="0.004" classname="testcases.PaymentManager"/>
</testsuite> <!-- testcases.PaymentManager -->
