<?xml version="1.0" encoding="UTF-8"?>
<!-- Generated by org.testng.reporters.JUnitReportReporter -->
<testsuite skipped="0" hostname="DESKTOP-JCJ8HOK" name="testcases.Booking" tests="4" failures="0" timestamp="06 Dec 2022 14:27:42 GMT" time="0.031" errors="0">
  <testcase name="typeOfRoom" time="0.008" classname="testcases.Booking"/>
  <testcase name="cancelBooking" time="0.004" classname="testcases.Booking"/>
  <testcase name="loadBooking" time="0.003" classname="testcases.Booking"/>
  <testcase name="createBooking" time="0.016" classname="testcases.Booking"/>
</testsuite> <!-- testcases.Booking -->
