<?xml version="1.0" encoding="UTF-8"?>
<!-- Generated by org.testng.reporters.JUnitReportReporter -->
<testsuite skipped="0" hostname="DESKTOP-JCJ8HOK" name="testng.TestMethodsParallel" tests="7" failures="0" timestamp="23 Nov 2022 14:20:03 GMT" time="0.298" errors="0">
  <testcase name="test1" time="0.042" classname="testng.TestMethodsParallel"/>
  <testcase name="test7" time="0.042" classname="testng.TestMethodsParallel"/>
  <testcase name="test6" time="0.043" classname="testng.TestMethodsParallel"/>
  <testcase name="test3" time="0.044" classname="testng.TestMethodsParallel"/>
  <testcase name="test5" time="0.041" classname="testng.TestMethodsParallel"/>
  <testcase name="test4" time="0.043" classname="testng.TestMethodsParallel"/>
  <testcase name="test2" time="0.043" classname="testng.TestMethodsParallel"/>
</testsuite> <!-- testng.TestMethodsParallel -->
