<?xml version="1.0" encoding="UTF-8"?>
<!-- Generated by org.testng.reporters.JUnitReportReporter -->
<testsuite skipped="0" hostname="DESKTOP-JCJ8HOK" name="excelDataDriven.NewTest" tests="2" failures="0" timestamp="21 Dec 2022 14:01:35 GMT" time="0.040" errors="0">
  <testcase name="f" time="0.002" classname="excelDataDriven.NewTest"/>
  <testcase name="f" time="0.038" classname="excelDataDriven.NewTest"/>
</testsuite> <!-- excelDataDriven.NewTest -->
