<?xml version="1.0" encoding="UTF-8"?>
<!-- Generated by org.testng.reporters.JUnitReportReporter -->
<testsuite skipped="0" hostname="DESKTOP-JCJ8HOK" name="excelDataDriven.DataManagementWithHashTable" tests="2" failures="0" timestamp="23 Dec 2022 13:52:59 GMT" time="0.036" errors="0">
  <testcase name="f" time="0.033" classname="excelDataDriven.DataManagementWithHashTable"/>
  <testcase name="f" time="0.003" classname="excelDataDriven.DataManagementWithHashTable"/>
</testsuite> <!-- excelDataDriven.DataManagementWithHashTable -->
