<?xml version="1.0" encoding="UTF-8"?>
<!-- Generated by org.testng.reporters.JUnitReportReporter -->
<testsuite skipped="0" hostname="DESKTOP-JCJ8HOK" name="testng.LinksTesting1" tests="1" failures="0" timestamp="22 Nov 2022 14:12:58 GMT" time="6.347" errors="0">
  <testcase name="linktesting1" time="6.347" classname="testng.LinksTesting1"/>
</testsuite> <!-- testng.LinksTesting1 -->
