<?xml version="1.0" encoding="UTF-8"?>
<!-- Generated by org.testng.reporters.JUnitReportReporter -->
<testsuite skipped="1" hostname="DESKTOP-JCJ8HOK" name="excelDataDriven.DataManagementFinalVersion" tests="2" failures="0" timestamp="23 Dec 2022 14:12:23 GMT" time="0.030" errors="0">
  <testcase name="f" time="0.020" classname="excelDataDriven.DataManagementFinalVersion"/>
  <testcase name="f" time="0.010" classname="excelDataDriven.DataManagementFinalVersion">
    <skipped/>
  </testcase> <!-- f -->
</testsuite> <!-- excelDataDriven.DataManagementFinalVersion -->
