<?xml version="1.0" encoding="UTF-8"?>
<!-- Generated by org.testng.reporters.JUnitReportReporter -->
<testsuite skipped="0" hostname="DESKTOP-JCJ8HOK" name="suiteA.TestA3" tests="1" failures="0" timestamp="23 Nov 2022 14:04:21 GMT" time="2.006" errors="0">
  <testcase name="testA3" time="2.006" classname="suiteA.TestA3"/>
</testsuite> <!-- suiteA.TestA3 -->
