<?xml version="1.0" encoding="UTF-8"?>
<!-- Generated by org.testng.reporters.JUnitReportReporter -->
<testsuite skipped="0" hostname="DESKTOP-JCJ8HOK" name="testng.NewTest" tests="1" failures="0" timestamp="21 Nov 2022 14:20:04 GMT" time="0.041" errors="0">
  <testcase name="f" time="0.041" classname="testng.NewTest"/>
</testsuite> <!-- testng.NewTest -->
