<?xml version="1.0" encoding="UTF-8"?>
<!-- Generated by org.testng.reporters.JUnitReportReporter -->
<testsuite skipped="0" hostname="DESKTOP-JCJ8HOK" name="pageobjectmodel.POM_001" tests="1" failures="0" timestamp="28 Dec 2022 14:16:15 GMT" time="21.289" errors="0">
  <testcase name="f" time="21.289" classname="pageobjectmodel.POM_001"/>
</testsuite> <!-- pageobjectmodel.POM_001 -->
