<?xml version="1.0" encoding="UTF-8"?>
<!-- Generated by org.testng.reporters.JUnitReportReporter -->
<testsuite skipped="2" hostname="DESKTOP-JCJ8HOK" name="testng.TestDependency" tests="4" failures="0" timestamp="28 Nov 2022 14:26:38 GMT" time="0.045" errors="0">
  <testcase name="orange" time="0.035" classname="testng.TestDependency"/>
  <testcase name="white" time="0.002" classname="testng.TestDependency"/>
  <testcase name="blue" time="0.008" classname="testng.TestDependency">
    <skipped/>
  </testcase> <!-- blue -->
  <testcase name="green" time="0.000" classname="testng.TestDependency">
    <skipped/>
  </testcase> <!-- green -->
</testsuite> <!-- testng.TestDependency -->
