<?xml version="1.0" encoding="UTF-8"?>
<!-- Generated by org.testng.reporters.JUnitReportReporter -->
<testsuite skipped="0" hostname="DESKTOP-JCJ8HOK" name="excelDataDriven.DataManagementwithDataProvider" tests="3" failures="0" timestamp="21 Dec 2022 14:17:13 GMT" time="0.033" errors="0">
  <testcase name="f" time="0.015" classname="excelDataDriven.DataManagementwithDataProvider"/>
  <testcase name="f" time="0.005" classname="excelDataDriven.DataManagementwithDataProvider"/>
  <testcase name="f" time="0.013" classname="excelDataDriven.DataManagementwithDataProvider"/>
</testsuite> <!-- excelDataDriven.DataManagementwithDataProvider -->
