<?xml version="1.0" encoding="UTF-8"?>
<!-- Generated by org.testng.reporters.JUnitReportReporter -->
<testsuite skipped="0" hostname="DESKTOP-JCJ8HOK" name="testng.CheckBox1" tests="1" failures="0" timestamp="28 Nov 2022 14:06:36 GMT" time="8.486" errors="0">
  <testcase name="checkboxTest" time="8.486" classname="testng.CheckBox1"/>
</testsuite> <!-- testng.CheckBox1 -->
